<?xml version="1.0" encoding="UTF-8"?>
<robot generator="Robot 7.0.1 (Python 3.12.5 on win32)" generated="2024-08-14T14:00:25.994040" rpa="false" schemaversion="5">
<suite id="s1" name="Serve Rest Test" source="g:\Programação\RobotFramework-Amazon\Serve_Rest_Site\Serve_Rest_Test.robot">
<test id="s1-t1" name="Caso de teste 01: Tentativa de login falha" line="11">
<kw name="Abrir o site" owner="Serve_Rest_Site_resources" type="SETUP">
<kw name="Open Browser" owner="SeleniumLibrary">
<msg time="2024-08-14T14:00:26.223252" level="INFO">Opening browser 'chrome' to base url 'None'.</msg>
<arg>browser=chrome</arg>
<doc>Opens a new browser instance to the optional ``url``.</doc>
<status status="PASS" start="2024-08-14T14:00:26.222250" elapsed="1.294674"/>
</kw>
<kw name="Maximize Browser Window" owner="SeleniumLibrary">
<doc>Maximizes current browser window.</doc>
<status status="PASS" start="2024-08-14T14:00:27.516924" elapsed="0.024022"/>
</kw>
<status status="PASS" start="2024-08-14T14:00:26.222250" elapsed="1.319697"/>
</kw>
<kw name="Dado que eu acesse o site &quot;https://front.serverest.dev/login&quot;" owner="Serve_Rest_Site_resources" source_name="Dado que eu acesse o site &quot;${SITE}&quot;">
<kw name="Go To" owner="SeleniumLibrary">
<msg time="2024-08-14T14:00:27.542947" level="INFO">Opening url 'https://front.serverest.dev/login'</msg>
<arg>url=${SITE}</arg>
<doc>Navigates the current browser window to the provided ``url``.</doc>
<status status="PASS" start="2024-08-14T14:00:27.541947" elapsed="3.473876"/>
</kw>
<kw name="Wait Until Page Contains" owner="SeleniumLibrary">
<arg>text=Login</arg>
<doc>Waits until ``text`` appears on the current page.</doc>
<status status="PASS" start="2024-08-14T14:00:31.015823" elapsed="0.008007"/>
</kw>
<status status="PASS" start="2024-08-14T14:00:27.541947" elapsed="3.482884"/>
</kw>
<kw name="Quando digitar as informações" owner="Serve_Rest_Site_resources">
<kw name="Generate Random String" owner="String">
<msg time="2024-08-14T14:00:31.025832" level="INFO">${RANDOM_EMAIL} = LOgdpsfT</msg>
<var>${RANDOM_EMAIL}</var>
<arg>length=8</arg>
<arg>chars=[LETTERS]</arg>
<doc>Generates a string with a desired ``length`` from the given ``chars``.</doc>
<status status="PASS" start="2024-08-14T14:00:31.024831" elapsed="0.001001"/>
</kw>
<kw name="Generate Random String" owner="String">
<msg time="2024-08-14T14:00:31.025832" level="INFO">${Senha} = CTDhWjmp</msg>
<var>${Senha}</var>
<doc>Generates a string with a desired ``length`` from the given ``chars``.</doc>
<status status="PASS" start="2024-08-14T14:00:31.025832" elapsed="0.000000"/>
</kw>
<kw name="Input Text" owner="SeleniumLibrary">
<msg time="2024-08-14T14:00:31.026833" level="INFO">Typing text 'LOgdpsfT@gmail.com' into text field '//input[contains(@name,'email')]'.</msg>
<arg>locator=${CAIXA_EMAIL}</arg>
<arg>text=${RANDOM_EMAIL}@gmail.com</arg>
<doc>Types the given ``text`` into the text field identified by ``locator``.</doc>
<status status="PASS" start="2024-08-14T14:00:31.025832" elapsed="0.072067"/>
</kw>
<kw name="Input Password" owner="SeleniumLibrary">
<msg time="2024-08-14T14:00:31.098900" level="INFO">Typing password into text field '//input[contains(@name,'password')]'.</msg>
<msg time="2024-08-14T14:00:31.120918" level="INFO">Temporally setting log level to: NONE</msg>
<arg>locator=${CAIXA_SENHA}</arg>
<arg>password=${Senha}</arg>
<doc>Types the given password into the text field identified by ``locator``.</doc>
<status status="PASS" start="2024-08-14T14:00:31.098900" elapsed="0.050044"/>
</kw>
<status status="PASS" start="2024-08-14T14:00:31.024831" elapsed="0.125114"/>
</kw>
<kw name="E clicar em entrar" owner="Serve_Rest_Site_resources">
<kw name="Click Element" owner="SeleniumLibrary">
<msg time="2024-08-14T14:00:31.150945" level="INFO">Clicking element '//button[@data-testid='entrar'][contains(.,'Entrar')]'.</msg>
<arg>locator=${ENTRAR}</arg>
<doc>Click the element identified by ``locator``.</doc>
<status status="PASS" start="2024-08-14T14:00:31.149945" elapsed="0.030585"/>
</kw>
<status status="PASS" start="2024-08-14T14:00:31.149945" elapsed="0.030585"/>
</kw>
<kw name="Então deverá aparecer &quot;Email e/ou senha inválidos&quot;" owner="Serve_Rest_Site_resources">
<kw name="Wait Until Element Is Visible" owner="SeleniumLibrary">
<arg>locator=//span[contains(.,'Email e/ou senha inválidos')]</arg>
<doc>Waits until the element ``locator`` is visible.</doc>
<status status="PASS" start="2024-08-14T14:00:31.181529" elapsed="1.663245"/>
</kw>
<status status="PASS" start="2024-08-14T14:00:31.180530" elapsed="1.664244"/>
</kw>
<kw name="Fechar o site" owner="Serve_Rest_Site_resources" type="TEARDOWN">
<kw name="Capture Page Screenshot" owner="SeleniumLibrary">
<msg time="2024-08-14T14:00:33.153063" level="INFO" html="true">&lt;/td&gt;&lt;/tr&gt;&lt;tr&gt;&lt;td colspan="3"&gt;&lt;a href="selenium-screenshot-1.png"&gt;&lt;img src="selenium-screenshot-1.png" width="800px"&gt;&lt;/a&gt;</msg>
<doc>Takes a screenshot of the current page and embeds it into a log file.</doc>
<status status="PASS" start="2024-08-14T14:00:32.845775" elapsed="0.307288"/>
</kw>
<kw name="Close Browser" owner="SeleniumLibrary">
<doc>Closes the current browser.</doc>
<status status="PASS" start="2024-08-14T14:00:33.153063" elapsed="2.146119"/>
</kw>
<status status="PASS" start="2024-08-14T14:00:32.844774" elapsed="2.454408"/>
</kw>
<status status="PASS" start="2024-08-14T14:00:26.221250" elapsed="9.077932"/>
</test>
<doc>Essa suite irá testar várias funcionalidades do site front.serverest.dev/login</doc>
<status status="PASS" start="2024-08-14T14:00:25.998044" elapsed="9.302139"/>
</suite>
<statistics>
<total>
<stat pass="1" fail="0" skip="0">All Tests</stat>
</total>
<tag>
</tag>
<suite>
<stat pass="1" fail="0" skip="0" id="s1" name="Serve Rest Test">Serve Rest Test</stat>
</suite>
</statistics>
<errors>
</errors>
</robot>
