<?xml version="1.0" encoding="UTF-8"?>
<robot generator="Robot 7.0.1 (Python 3.12.5 on win32)" generated="2024-08-14T15:23:36.712653" rpa="false" schemaversion="5">
<suite id="s1" name="Serve Rest Test" source="g:\Programação\RobotFramework-Amazon\Serve_Rest_Site\Serve_Rest_Test.robot">
<test id="s1-t1" name="Caso de teste 04: Email obrigatório" line="30">
<kw name="Abrir o site" owner="Serve_Rest_Site_resources" type="SETUP">
<kw name="Open Browser" owner="SeleniumLibrary">
<msg time="2024-08-14T15:23:36.937813" level="INFO">Opening browser 'chrome' to base url 'None'.</msg>
<arg>browser=chrome</arg>
<doc>Opens a new browser instance to the optional ``url``.</doc>
<status status="PASS" start="2024-08-14T15:23:36.937813" elapsed="1.293001"/>
</kw>
<kw name="Maximize Browser Window" owner="SeleniumLibrary">
<doc>Maximizes current browser window.</doc>
<status status="PASS" start="2024-08-14T15:23:38.230814" elapsed="0.023020"/>
</kw>
<kw name="Generate Random String" owner="String">
<msg time="2024-08-14T15:23:38.254834" level="INFO">${RANDOM_EMAIL_CADASTRO} = MBIMaqVY</msg>
<var>${RANDOM_EMAIL_CADASTRO}</var>
<arg>length=8</arg>
<arg>chars=[LETTERS]</arg>
<doc>Generates a string with a desired ``length`` from the given ``chars``.</doc>
<status status="PASS" start="2024-08-14T15:23:38.253834" elapsed="0.001000"/>
</kw>
<kw name="Generate Random String" owner="String">
<msg time="2024-08-14T15:23:38.254834" level="INFO">${NOME_CADASTRO} = kffPu</msg>
<var>${NOME_CADASTRO}</var>
<arg>length=5</arg>
<arg>chars=[LETTERS]</arg>
<doc>Generates a string with a desired ``length`` from the given ``chars``.</doc>
<status status="PASS" start="2024-08-14T15:23:38.254834" elapsed="0.000000"/>
</kw>
<kw name="Generate Random String" owner="String">
<msg time="2024-08-14T15:23:38.255835" level="INFO">${SENHA_CADASTRO} = WitYGwOL3n</msg>
<var>${SENHA_CADASTRO}</var>
<arg>length=10</arg>
<doc>Generates a string with a desired ``length`` from the given ``chars``.</doc>
<status status="PASS" start="2024-08-14T15:23:38.254834" elapsed="0.001001"/>
</kw>
<kw name="Set Test Variable" owner="BuiltIn">
<msg time="2024-08-14T15:23:38.256836" level="INFO">${NOME} = kffPu</msg>
<arg>${NOME}</arg>
<arg>${NOME_CADASTRO}</arg>
<doc>Makes a variable available everywhere within the scope of the current test.</doc>
<status status="PASS" start="2024-08-14T15:23:38.255835" elapsed="0.001001"/>
</kw>
<kw name="Set Test Variable" owner="BuiltIn">
<msg time="2024-08-14T15:23:38.272394" level="INFO">${SENHA} = WitYGwOL3n</msg>
<arg>${SENHA}</arg>
<arg>${SENHA_CADASTRO}</arg>
<doc>Makes a variable available everywhere within the scope of the current test.</doc>
<status status="PASS" start="2024-08-14T15:23:38.256836" elapsed="0.015558"/>
</kw>
<kw name="Set Test Variable" owner="BuiltIn">
<msg time="2024-08-14T15:23:38.273395" level="INFO">${RANDOM_EMAIL} = MBIMaqVY</msg>
<arg>${RANDOM_EMAIL}</arg>
<arg>${RANDOM_EMAIL_CADASTRO}</arg>
<doc>Makes a variable available everywhere within the scope of the current test.</doc>
<status status="PASS" start="2024-08-14T15:23:38.272394" elapsed="0.001001"/>
</kw>
<status status="PASS" start="2024-08-14T15:23:36.936812" elapsed="1.336583"/>
</kw>
<kw name="Dado que eu estou no site &quot;https://front.serverest.dev/login&quot;" owner="Serve_Rest_Site_resources" source_name="Dado que eu estou no site &quot;${SITE}&quot;">
<kw name="Go To" owner="SeleniumLibrary">
<msg time="2024-08-14T15:23:38.274396" level="INFO">Opening url 'https://front.serverest.dev/login'</msg>
<arg>url=${SITE}</arg>
<doc>Navigates the current browser window to the provided ``url``.</doc>
<status status="PASS" start="2024-08-14T15:23:38.274396" elapsed="3.295346"/>
</kw>
<kw name="Wait Until Page Contains" owner="SeleniumLibrary">
<arg>text=Login</arg>
<doc>Waits until ``text`` appears on the current page.</doc>
<status status="PASS" start="2024-08-14T15:23:41.569742" elapsed="0.008005"/>
</kw>
<status status="PASS" start="2024-08-14T15:23:38.274396" elapsed="3.303351"/>
</kw>
<kw name="Quando digitar a senha" owner="Serve_Rest_Site_resources">
<kw name="Input Password" owner="SeleniumLibrary">
<msg time="2024-08-14T15:23:41.579750" level="INFO">Typing password into text field '//input[contains(@name,'password')]'.</msg>
<msg time="2024-08-14T15:23:41.611320" level="INFO">Temporally setting log level to: NONE</msg>
<arg>locator=${CAIXA_SENHA}</arg>
<arg>password=${SENHA}</arg>
<doc>Types the given password into the text field identified by ``locator``.</doc>
<status status="PASS" start="2024-08-14T15:23:41.579750" elapsed="0.173000"/>
</kw>
<status status="PASS" start="2024-08-14T15:23:41.578749" elapsed="0.174001"/>
</kw>
<kw name="E clicar em entrar" owner="Serve_Rest_Site_resources">
<kw name="Click Element" owner="SeleniumLibrary">
<msg time="2024-08-14T15:23:41.753751" level="INFO">Clicking element '//button[@data-testid='entrar'][contains(.,'Entrar')]'.</msg>
<arg>locator=${ENTRAR}</arg>
<doc>Click the element identified by ``locator``.</doc>
<status status="PASS" start="2024-08-14T15:23:41.753751" elapsed="0.032029"/>
</kw>
<status status="PASS" start="2024-08-14T15:23:41.752750" elapsed="0.033030"/>
</kw>
<kw name="Então deverá aparecer &quot;Email é obrigatório&quot;" owner="Serve_Rest_Site_resources" source_name="Então deverá aparecer &quot;${TEXTO_OBRIGATORIO}&quot;">
<kw name="Wait Until Page Contains" owner="SeleniumLibrary">
<arg>text=${TEXTO_OBRIGATORIO}</arg>
<doc>Waits until ``text`` appears on the current page.</doc>
<status status="PASS" start="2024-08-14T15:23:41.786780" elapsed="1.242080"/>
</kw>
<status status="PASS" start="2024-08-14T15:23:41.785780" elapsed="1.243080"/>
</kw>
<kw name="Fechar o site" owner="Serve_Rest_Site_resources" type="TEARDOWN">
<kw name="Capture Page Screenshot" owner="SeleniumLibrary">
<msg time="2024-08-14T15:23:43.354331" level="INFO" html="true">&lt;/td&gt;&lt;/tr&gt;&lt;tr&gt;&lt;td colspan="3"&gt;&lt;a href="selenium-screenshot-1.png"&gt;&lt;img src="selenium-screenshot-1.png" width="800px"&gt;&lt;/a&gt;</msg>
<doc>Takes a screenshot of the current page and embeds it into a log file.</doc>
<status status="PASS" start="2024-08-14T15:23:43.029861" elapsed="0.324470"/>
</kw>
<kw name="Close Browser" owner="SeleniumLibrary">
<doc>Closes the current browser.</doc>
<status status="PASS" start="2024-08-14T15:23:43.354331" elapsed="2.133279"/>
</kw>
<status status="PASS" start="2024-08-14T15:23:43.029861" elapsed="2.457749"/>
</kw>
<status status="PASS" start="2024-08-14T15:23:36.934811" elapsed="8.552799"/>
</test>
<doc>Essa suite irá testar várias funcionalidades do site front.serverest.dev/login</doc>
<status status="PASS" start="2024-08-14T15:23:36.719661" elapsed="8.769951"/>
</suite>
<statistics>
<total>
<stat pass="1" fail="0" skip="0">All Tests</stat>
</total>
<tag>
</tag>
<suite>
<stat pass="1" fail="0" skip="0" id="s1" name="Serve Rest Test">Serve Rest Test</stat>
</suite>
</statistics>
<errors>
</errors>
</robot>
