<?xml version="1.0" encoding="UTF-8"?>
<robot generator="Robot 7.0.1 (Python 3.12.5 on win32)" generated="2024-08-14T15:28:38.439950" rpa="false" schemaversion="5">
<suite id="s1" name="Serve Rest Test" source="g:\Programação\RobotFramework-Amazon\Serve_Rest_Site\Serve_Rest_Test.robot">
<test id="s1-t1" name="Caso de teste 06: Email de Cadastro obrigatório" line="43">
<kw name="Abrir o site" owner="Serve_Rest_Site_resources" type="SETUP">
<kw name="Open Browser" owner="SeleniumLibrary">
<msg time="2024-08-14T15:28:38.664444" level="INFO">Opening browser 'chrome' to base url 'None'.</msg>
<arg>browser=chrome</arg>
<doc>Opens a new browser instance to the optional ``url``.</doc>
<status status="PASS" start="2024-08-14T15:28:38.664444" elapsed="1.309907"/>
</kw>
<kw name="Maximize Browser Window" owner="SeleniumLibrary">
<doc>Maximizes current browser window.</doc>
<status status="PASS" start="2024-08-14T15:28:39.974351" elapsed="0.023579"/>
</kw>
<kw name="Generate Random String" owner="String">
<msg time="2024-08-14T15:28:39.998931" level="INFO">${RANDOM_EMAIL_CADASTRO} = cKIrDBhA</msg>
<var>${RANDOM_EMAIL_CADASTRO}</var>
<arg>length=8</arg>
<arg>chars=[LETTERS]</arg>
<doc>Generates a string with a desired ``length`` from the given ``chars``.</doc>
<status status="PASS" start="2024-08-14T15:28:39.998931" elapsed="0.000000"/>
</kw>
<kw name="Generate Random String" owner="String">
<msg time="2024-08-14T15:28:39.999932" level="INFO">${NOME_CADASTRO} = UdCyW</msg>
<var>${NOME_CADASTRO}</var>
<arg>length=5</arg>
<arg>chars=[LETTERS]</arg>
<doc>Generates a string with a desired ``length`` from the given ``chars``.</doc>
<status status="PASS" start="2024-08-14T15:28:39.998931" elapsed="0.001001"/>
</kw>
<kw name="Generate Random String" owner="String">
<msg time="2024-08-14T15:28:39.999932" level="INFO">${SENHA_CADASTRO} = NV4LKvl9Pm</msg>
<var>${SENHA_CADASTRO}</var>
<arg>length=10</arg>
<doc>Generates a string with a desired ``length`` from the given ``chars``.</doc>
<status status="PASS" start="2024-08-14T15:28:39.999932" elapsed="0.000000"/>
</kw>
<kw name="Set Test Variable" owner="BuiltIn">
<msg time="2024-08-14T15:28:40.000933" level="INFO">${NOME} = UdCyW</msg>
<arg>${NOME}</arg>
<arg>${NOME_CADASTRO}</arg>
<doc>Makes a variable available everywhere within the scope of the current test.</doc>
<status status="PASS" start="2024-08-14T15:28:39.999932" elapsed="0.001001"/>
</kw>
<kw name="Set Test Variable" owner="BuiltIn">
<msg time="2024-08-14T15:28:40.017950" level="INFO">${SENHA} = NV4LKvl9Pm</msg>
<arg>${SENHA}</arg>
<arg>${SENHA_CADASTRO}</arg>
<doc>Makes a variable available everywhere within the scope of the current test.</doc>
<status status="PASS" start="2024-08-14T15:28:40.000933" elapsed="0.018016"/>
</kw>
<kw name="Set Test Variable" owner="BuiltIn">
<msg time="2024-08-14T15:28:40.020952" level="INFO">${RANDOM_EMAIL} = cKIrDBhA</msg>
<arg>${RANDOM_EMAIL}</arg>
<arg>${RANDOM_EMAIL_CADASTRO}</arg>
<doc>Makes a variable available everywhere within the scope of the current test.</doc>
<status status="PASS" start="2024-08-14T15:28:40.019950" elapsed="0.001002"/>
</kw>
<status status="PASS" start="2024-08-14T15:28:38.663444" elapsed="1.358509"/>
</kw>
<kw name="Dado que eu estou no site &quot;https://front.serverest.dev/login&quot;" owner="Serve_Rest_Site_resources" source_name="Dado que eu estou no site &quot;${SITE}&quot;">
<kw name="Go To" owner="SeleniumLibrary">
<msg time="2024-08-14T15:28:40.023954" level="INFO">Opening url 'https://front.serverest.dev/login'</msg>
<arg>url=${SITE}</arg>
<doc>Navigates the current browser window to the provided ``url``.</doc>
<status status="PASS" start="2024-08-14T15:28:40.022953" elapsed="2.592794"/>
</kw>
<kw name="Wait Until Page Contains" owner="SeleniumLibrary">
<arg>text=Login</arg>
<doc>Waits until ``text`` appears on the current page.</doc>
<status status="PASS" start="2024-08-14T15:28:42.616748" elapsed="0.008579"/>
</kw>
<status status="PASS" start="2024-08-14T15:28:40.022953" elapsed="2.602374"/>
</kw>
<kw name="Quando clicar em Cadastrar-se" owner="Serve_Rest_Site_resources">
<kw name="Click Element" owner="SeleniumLibrary">
<msg time="2024-08-14T15:28:42.626328" level="INFO">Clicking element '//a[@data-testid='cadastrar'][contains(.,'Cadastre-se')]'.</msg>
<arg>locator=${CADASTRO}</arg>
<doc>Click the element identified by ``locator``.</doc>
<status status="PASS" start="2024-08-14T15:28:42.626328" elapsed="0.037117"/>
</kw>
<kw name="Wait Until Page Contains" owner="SeleniumLibrary">
<arg>text=Cadastro</arg>
<doc>Waits until ``text`` appears on the current page.</doc>
<status status="PASS" start="2024-08-14T15:28:42.664445" elapsed="0.008512"/>
</kw>
<status status="PASS" start="2024-08-14T15:28:42.625327" elapsed="0.047630"/>
</kw>
<kw name="E preencher o nome e senha com admnistrador" owner="Serve_Rest_Site_resources">
<kw name="Input Text" owner="SeleniumLibrary">
<msg time="2024-08-14T15:28:42.673958" level="INFO">Typing text 'UdCyW' into text field '//input[contains(@name,'nome')]'.</msg>
<arg>locator=${CAIXA_NOME}</arg>
<arg>text=${NOME}</arg>
<doc>Types the given ``text`` into the text field identified by ``locator``.</doc>
<status status="PASS" start="2024-08-14T15:28:42.673958" elapsed="0.061719"/>
</kw>
<kw name="Input Text" owner="SeleniumLibrary">
<msg time="2024-08-14T15:28:42.736677" level="INFO">Typing text 'NV4LKvl9Pm' into text field '//input[contains(@name,'password')]'.</msg>
<arg>locator=${CAIXA_SENHA}</arg>
<arg>text=${SENHA}</arg>
<doc>Types the given ``text`` into the text field identified by ``locator``.</doc>
<status status="PASS" start="2024-08-14T15:28:42.735677" elapsed="0.057529"/>
</kw>
<kw name="Select Checkbox" owner="SeleniumLibrary">
<msg time="2024-08-14T15:28:42.794206" level="INFO">Selecting checkbox '//input[contains(@name,'administrador')]'.</msg>
<arg>locator=${CHECKBOX_ADMNISTRADOR}</arg>
<doc>Selects the checkbox identified by ``locator``.</doc>
<status status="PASS" start="2024-08-14T15:28:42.793206" elapsed="0.046888"/>
</kw>
<status status="PASS" start="2024-08-14T15:28:42.672957" elapsed="0.167137"/>
</kw>
<kw name="E clicar em Cadastrar" owner="Serve_Rest_Site_resources">
<kw name="Click Element" owner="SeleniumLibrary">
<msg time="2024-08-14T15:28:42.841096" level="INFO">Clicking element '//button[@data-testid='cadastrar'][contains(.,'Cadastrar')]'.</msg>
<arg>locator=${CADASTRAR}</arg>
<doc>Click the element identified by ``locator``.</doc>
<status status="PASS" start="2024-08-14T15:28:42.841096" elapsed="0.030027"/>
</kw>
<status status="PASS" start="2024-08-14T15:28:42.840094" elapsed="0.031029"/>
</kw>
<kw name="Então deverá aparecer &quot;Email é obrigatório&quot;" owner="Serve_Rest_Site_resources" source_name="Então deverá aparecer &quot;${TEXTO_OBRIGATORIO}&quot;">
<kw name="Wait Until Page Contains" owner="SeleniumLibrary">
<arg>text=${TEXTO_OBRIGATORIO}</arg>
<doc>Waits until ``text`` appears on the current page.</doc>
<status status="PASS" start="2024-08-14T15:28:42.872124" elapsed="1.452328"/>
</kw>
<status status="PASS" start="2024-08-14T15:28:42.871123" elapsed="1.453329"/>
</kw>
<kw name="Fechar o site" owner="Serve_Rest_Site_resources" type="TEARDOWN">
<kw name="Capture Page Screenshot" owner="SeleniumLibrary">
<msg time="2024-08-14T15:28:44.650168" level="INFO" html="true">&lt;/td&gt;&lt;/tr&gt;&lt;tr&gt;&lt;td colspan="3"&gt;&lt;a href="selenium-screenshot-1.png"&gt;&lt;img src="selenium-screenshot-1.png" width="800px"&gt;&lt;/a&gt;</msg>
<doc>Takes a screenshot of the current page and embeds it into a log file.</doc>
<status status="PASS" start="2024-08-14T15:28:44.325452" elapsed="0.325708"/>
</kw>
<kw name="Close Browser" owner="SeleniumLibrary">
<doc>Closes the current browser.</doc>
<status status="PASS" start="2024-08-14T15:28:44.651160" elapsed="2.132713"/>
</kw>
<status status="PASS" start="2024-08-14T15:28:44.325452" elapsed="2.458421"/>
</kw>
<status status="PASS" start="2024-08-14T15:28:38.661441" elapsed="8.122432"/>
</test>
<doc>Essa suite irá testar várias funcionalidades do site front.serverest.dev/login</doc>
<status status="PASS" start="2024-08-14T15:28:38.443953" elapsed="8.340921"/>
</suite>
<statistics>
<total>
<stat pass="1" fail="0" skip="0">All Tests</stat>
</total>
<tag>
</tag>
<suite>
<stat pass="1" fail="0" skip="0" id="s1" name="Serve Rest Test">Serve Rest Test</stat>
</suite>
</statistics>
<errors>
</errors>
</robot>
