<?xml version="1.0" encoding="UTF-8"?>
<robot generator="Robot 7.0.1 (Python 3.12.5 on win32)" generated="2024-08-14T15:26:32.836475" rpa="false" schemaversion="5">
<suite id="s1" name="Serve Rest Test" source="g:\Programação\RobotFramework-Amazon\Serve_Rest_Site\Serve_Rest_Test.robot">
<test id="s1-t1" name="Caso de teste 05: Nome de Cadastro obrigatório" line="36">
<kw name="Abrir o site" owner="Serve_Rest_Site_resources" type="SETUP">
<kw name="Open Browser" owner="SeleniumLibrary">
<msg time="2024-08-14T15:26:33.054939" level="INFO">Opening browser 'chrome' to base url 'None'.</msg>
<arg>browser=chrome</arg>
<doc>Opens a new browser instance to the optional ``url``.</doc>
<status status="PASS" start="2024-08-14T15:26:33.054939" elapsed="1.303174"/>
</kw>
<kw name="Maximize Browser Window" owner="SeleniumLibrary">
<doc>Maximizes current browser window.</doc>
<status status="PASS" start="2024-08-14T15:26:34.358113" elapsed="0.023451"/>
</kw>
<kw name="Generate Random String" owner="String">
<msg time="2024-08-14T15:26:34.382705" level="INFO">${RANDOM_EMAIL_CADASTRO} = bdLmKNmW</msg>
<var>${RANDOM_EMAIL_CADASTRO}</var>
<arg>length=8</arg>
<arg>chars=[LETTERS]</arg>
<doc>Generates a string with a desired ``length`` from the given ``chars``.</doc>
<status status="PASS" start="2024-08-14T15:26:34.382705" elapsed="0.000000"/>
</kw>
<kw name="Generate Random String" owner="String">
<msg time="2024-08-14T15:26:34.383567" level="INFO">${NOME_CADASTRO} = IyjJt</msg>
<var>${NOME_CADASTRO}</var>
<arg>length=5</arg>
<arg>chars=[LETTERS]</arg>
<doc>Generates a string with a desired ``length`` from the given ``chars``.</doc>
<status status="PASS" start="2024-08-14T15:26:34.382705" elapsed="0.000862"/>
</kw>
<kw name="Generate Random String" owner="String">
<msg time="2024-08-14T15:26:34.383567" level="INFO">${SENHA_CADASTRO} = 9ArfohW8ds</msg>
<var>${SENHA_CADASTRO}</var>
<arg>length=10</arg>
<doc>Generates a string with a desired ``length`` from the given ``chars``.</doc>
<status status="PASS" start="2024-08-14T15:26:34.383567" elapsed="0.000000"/>
</kw>
<kw name="Set Test Variable" owner="BuiltIn">
<msg time="2024-08-14T15:26:34.384568" level="INFO">${NOME} = IyjJt</msg>
<arg>${NOME}</arg>
<arg>${NOME_CADASTRO}</arg>
<doc>Makes a variable available everywhere within the scope of the current test.</doc>
<status status="PASS" start="2024-08-14T15:26:34.383567" elapsed="0.001001"/>
</kw>
<kw name="Set Test Variable" owner="BuiltIn">
<msg time="2024-08-14T15:26:34.399580" level="INFO">${SENHA} = 9ArfohW8ds</msg>
<arg>${SENHA}</arg>
<arg>${SENHA_CADASTRO}</arg>
<doc>Makes a variable available everywhere within the scope of the current test.</doc>
<status status="PASS" start="2024-08-14T15:26:34.384568" elapsed="0.015012"/>
</kw>
<kw name="Set Test Variable" owner="BuiltIn">
<msg time="2024-08-14T15:26:34.400582" level="INFO">${RANDOM_EMAIL} = bdLmKNmW</msg>
<arg>${RANDOM_EMAIL}</arg>
<arg>${RANDOM_EMAIL_CADASTRO}</arg>
<doc>Makes a variable available everywhere within the scope of the current test.</doc>
<status status="PASS" start="2024-08-14T15:26:34.400582" elapsed="0.001001"/>
</kw>
<status status="PASS" start="2024-08-14T15:26:33.053938" elapsed="1.347645"/>
</kw>
<kw name="Dado que eu estou no site &quot;https://front.serverest.dev/login&quot;" owner="Serve_Rest_Site_resources" source_name="Dado que eu estou no site &quot;${SITE}&quot;">
<kw name="Go To" owner="SeleniumLibrary">
<msg time="2024-08-14T15:26:34.402584" level="INFO">Opening url 'https://front.serverest.dev/login'</msg>
<arg>url=${SITE}</arg>
<doc>Navigates the current browser window to the provided ``url``.</doc>
<status status="PASS" start="2024-08-14T15:26:34.401583" elapsed="3.116903"/>
</kw>
<kw name="Wait Until Page Contains" owner="SeleniumLibrary">
<arg>text=Login</arg>
<doc>Waits until ``text`` appears on the current page.</doc>
<status status="PASS" start="2024-08-14T15:26:37.518486" elapsed="0.014011"/>
</kw>
<status status="PASS" start="2024-08-14T15:26:34.401583" elapsed="3.130914"/>
</kw>
<kw name="Quando clicar em Cadastrar-se" owner="Serve_Rest_Site_resources">
<kw name="Click Element" owner="SeleniumLibrary">
<msg time="2024-08-14T15:26:37.533499" level="INFO">Clicking element '//a[@data-testid='cadastrar'][contains(.,'Cadastre-se')]'.</msg>
<arg>locator=${CADASTRO}</arg>
<doc>Click the element identified by ``locator``.</doc>
<status status="PASS" start="2024-08-14T15:26:37.533499" elapsed="0.043038"/>
</kw>
<kw name="Wait Until Page Contains" owner="SeleniumLibrary">
<arg>text=Cadastro</arg>
<doc>Waits until ``text`` appears on the current page.</doc>
<status status="PASS" start="2024-08-14T15:26:37.577539" elapsed="0.008052"/>
</kw>
<status status="PASS" start="2024-08-14T15:26:37.533499" elapsed="0.052092"/>
</kw>
<kw name="E preencher o email e senha com administrador" owner="Serve_Rest_Site_resources">
<kw name="Input Text" owner="SeleniumLibrary">
<msg time="2024-08-14T15:26:37.586592" level="INFO">Typing text 'bdLmKNmW@gmail.com' into text field '//input[contains(@name,'email')]'.</msg>
<arg>locator=${CAIXA_EMAIL}</arg>
<arg>text=${RANDOM_EMAIL}@gmail.com</arg>
<doc>Types the given ``text`` into the text field identified by ``locator``.</doc>
<status status="PASS" start="2024-08-14T15:26:37.586592" elapsed="0.070063"/>
</kw>
<kw name="Input Text" owner="SeleniumLibrary">
<msg time="2024-08-14T15:26:37.656655" level="INFO">Typing text '9ArfohW8ds' into text field '//input[contains(@name,'password')]'.</msg>
<arg>locator=${CAIXA_SENHA}</arg>
<arg>text=${SENHA}</arg>
<doc>Types the given ``text`` into the text field identified by ``locator``.</doc>
<status status="PASS" start="2024-08-14T15:26:37.656655" elapsed="0.054719"/>
</kw>
<kw name="Select Checkbox" owner="SeleniumLibrary">
<msg time="2024-08-14T15:26:37.711374" level="INFO">Selecting checkbox '//input[contains(@name,'administrador')]'.</msg>
<arg>locator=${CHECKBOX_ADMNISTRADOR}</arg>
<doc>Selects the checkbox identified by ``locator``.</doc>
<status status="PASS" start="2024-08-14T15:26:37.711374" elapsed="0.043040"/>
</kw>
<status status="PASS" start="2024-08-14T15:26:37.585591" elapsed="0.168823"/>
</kw>
<kw name="E clicar em Cadastrar" owner="Serve_Rest_Site_resources">
<kw name="Click Element" owner="SeleniumLibrary">
<msg time="2024-08-14T15:26:37.756416" level="INFO">Clicking element '//button[@data-testid='cadastrar'][contains(.,'Cadastrar')]'.</msg>
<arg>locator=${CADASTRAR}</arg>
<doc>Click the element identified by ``locator``.</doc>
<status status="PASS" start="2024-08-14T15:26:37.755415" elapsed="0.036540"/>
</kw>
<status status="PASS" start="2024-08-14T15:26:37.755415" elapsed="0.037541"/>
</kw>
<kw name="Então deverá aparecer &quot;Nome é obrigatório&quot;" owner="Serve_Rest_Site_resources" source_name="Então deverá aparecer &quot;${TEXTO_OBRIGATORIO}&quot;">
<kw name="Wait Until Page Contains" owner="SeleniumLibrary">
<arg>text=${TEXTO_OBRIGATORIO}</arg>
<doc>Waits until ``text`` appears on the current page.</doc>
<status status="PASS" start="2024-08-14T15:26:37.793957" elapsed="1.247082"/>
</kw>
<status status="PASS" start="2024-08-14T15:26:37.792956" elapsed="1.248083"/>
</kw>
<kw name="Fechar o site" owner="Serve_Rest_Site_resources" type="TEARDOWN">
<kw name="Capture Page Screenshot" owner="SeleniumLibrary">
<msg time="2024-08-14T15:26:39.379889" level="INFO" html="true">&lt;/td&gt;&lt;/tr&gt;&lt;tr&gt;&lt;td colspan="3"&gt;&lt;a href="selenium-screenshot-1.png"&gt;&lt;img src="selenium-screenshot-1.png" width="800px"&gt;&lt;/a&gt;</msg>
<doc>Takes a screenshot of the current page and embeds it into a log file.</doc>
<status status="PASS" start="2024-08-14T15:26:39.042039" elapsed="0.337850"/>
</kw>
<kw name="Close Browser" owner="SeleniumLibrary">
<doc>Closes the current browser.</doc>
<status status="PASS" start="2024-08-14T15:26:39.379889" elapsed="2.116444"/>
</kw>
<status status="PASS" start="2024-08-14T15:26:39.042039" elapsed="2.454294"/>
</kw>
<status status="PASS" start="2024-08-14T15:26:33.051936" elapsed="8.444397"/>
</test>
<doc>Essa suite irá testar várias funcionalidades do site front.serverest.dev/login</doc>
<status status="PASS" start="2024-08-14T15:26:32.840479" elapsed="8.656854"/>
</suite>
<statistics>
<total>
<stat pass="1" fail="0" skip="0">All Tests</stat>
</total>
<tag>
</tag>
<suite>
<stat pass="1" fail="0" skip="0" id="s1" name="Serve Rest Test">Serve Rest Test</stat>
</suite>
</statistics>
<errors>
</errors>
</robot>
