<?xml version="1.0" encoding="UTF-8"?>
<robot generator="Robot 7.0.1 (Python 3.12.5 on win32)" generated="2024-08-09T16:28:31.805034" rpa="false" schemaversion="5">
<suite id="s1" name="Amazon Testes2" source="C:\Projetos\Victor\robotFramework\webTesting\amazon_testes2.robot">
<test id="s1-t1" name="Caso de Teste 03 - Adicionar produto no Carrinho" line="11">
<kw name="Abrir o navegador" owner="amazon_resources" type="SETUP">
<kw name="Open Browser" owner="SeleniumLibrary">
<msg time="2024-08-09T16:28:32.135151" level="INFO">Opening browser 'chrome' to base url 'None'.</msg>
<arg>browser=${BROWSER}</arg>
<arg>options=add_experimental_option("detach", True)</arg>
<doc>Opens a new browser instance to the optional ``url``.</doc>
<status status="PASS" start="2024-08-09T16:28:32.135151" elapsed="3.012233"/>
</kw>
<kw name="Maximize Browser Window" owner="SeleniumLibrary">
<doc>Maximizes current browser window.</doc>
<status status="PASS" start="2024-08-09T16:28:35.147384" elapsed="0.067002"/>
</kw>
<status status="PASS" start="2024-08-09T16:28:32.134158" elapsed="3.080228"/>
</kw>
<kw name="Acessar a home page do site Amazon.com.br" owner="amazon_resources">
<kw name="Go To" owner="SeleniumLibrary">
<msg time="2024-08-09T16:28:35.215386" level="INFO">Opening url 'https://amazon.com.br'</msg>
<arg>url=${URL}</arg>
<doc>Navigates the current browser window to the provided ``url``.</doc>
<status status="PASS" start="2024-08-09T16:28:35.215386" elapsed="1.959297"/>
</kw>
<kw name="Sleep" owner="BuiltIn">
<msg time="2024-08-09T16:28:47.176063" level="INFO">Slept 10 seconds.</msg>
<arg>10s</arg>
<doc>Pauses the test executed for the given time.</doc>
<status status="PASS" start="2024-08-09T16:28:37.175685" elapsed="10.000378"/>
</kw>
<kw name="Wait Until Element Is Visible" owner="SeleniumLibrary">
<arg>locator=${MENU_LIVROS}</arg>
<doc>Waits until the element ``locator`` is visible.</doc>
<status status="PASS" start="2024-08-09T16:28:47.176063" elapsed="0.038429"/>
</kw>
<status status="PASS" start="2024-08-09T16:28:35.214386" elapsed="12.000106"/>
</kw>
<kw name="Digitar o nome de produto &quot;Xbox Series S&quot; no campo de pesquisa" owner="amazon_resources" source_name="Digitar o nome de produto &quot;${PRODUTO}&quot; no campo de pesquisa">
<kw name="Input Text" owner="SeleniumLibrary">
<msg time="2024-08-09T16:28:47.215493" level="INFO">Typing text 'Xbox Series S' into text field 'twotabsearchtextbox'.</msg>
<arg>locator=${BARRA_DE_PESQUISA}</arg>
<arg>text=${PRODUTO}</arg>
<doc>Types the given ``text`` into the text field identified by ``locator``.</doc>
<status status="PASS" start="2024-08-09T16:28:47.215493" elapsed="0.365274"/>
</kw>
<status status="PASS" start="2024-08-09T16:28:47.215493" elapsed="0.365274"/>
</kw>
<kw name="Clicar no botão de pesquisa" owner="amazon_resources">
<kw name="Click Button" owner="SeleniumLibrary">
<msg time="2024-08-09T16:28:47.586767" level="INFO">Clicking button 'nav-search-submit-button'.</msg>
<arg>locator=${BOTÃO_DE_PESQUISA}</arg>
<doc>Clicks the button identified by ``locator``.</doc>
<status status="PASS" start="2024-08-09T16:28:47.585768" elapsed="2.719947"/>
</kw>
<status status="PASS" start="2024-08-09T16:28:47.585768" elapsed="2.719947"/>
</kw>
<kw name="Verificar o resultado da pesquisa se está listando o produto pesquisado" owner="amazon_resources">
<kw name="Title Should Be" owner="SeleniumLibrary">
<msg time="2024-08-09T16:28:50.343735" level="INFO">Page title is 'Amazon.com.br : Xbox Series S'.</msg>
<arg>title=Amazon.com.br : Xbox Series S</arg>
<doc>Verifies that the current page title equals ``title``.</doc>
<status status="PASS" start="2024-08-09T16:28:50.333735" elapsed="0.010000"/>
</kw>
<status status="PASS" start="2024-08-09T16:28:50.333735" elapsed="0.010000"/>
</kw>
<kw name="Adicionar o produto &quot;Console Xbox Series S&quot; no carrinho" owner="amazon_resources">
<kw name="Click Element" owner="SeleniumLibrary">
<msg time="2024-08-09T16:28:50.345745" level="INFO">Clicking element '//span[@class='a-size-base-plus a-color-base a-text-normal'][contains(.,'Console Xbox Series S')]'.</msg>
<arg>locator=${CLIQUE_PRODUTO}</arg>
<doc>Click the element identified by ``locator``.</doc>
<status status="PASS" start="2024-08-09T16:28:50.345745" elapsed="5.642662"/>
</kw>
<kw name="Click Element" owner="SeleniumLibrary">
<msg time="2024-08-09T16:28:55.989407" level="INFO">Clicking element 'add-to-cart-button'.</msg>
<arg>locator=${ADICIONAR_CARRINHO}</arg>
<doc>Click the element identified by ``locator``.</doc>
<status status="PASS" start="2024-08-09T16:28:55.988407" elapsed="1.900621"/>
</kw>
<status status="PASS" start="2024-08-09T16:28:50.344738" elapsed="7.544290"/>
</kw>
<kw name="Verificar se o produto &quot;Console Xbox Series S&quot; foi adicionado com sucesso" owner="amazon_resources">
<kw name="Element Should Be Visible" owner="SeleniumLibrary">
<msg time="2024-08-09T16:28:58.217019" level="INFO">Element 'sw-all-product-variations' is displayed.</msg>
<arg>locator=${PRODUTO_ADICIONADO}</arg>
<doc>Verifies that the element identified by ``locator`` is visible.</doc>
<status status="PASS" start="2024-08-09T16:28:57.890027" elapsed="0.326992"/>
</kw>
<status status="PASS" start="2024-08-09T16:28:57.890027" elapsed="0.326992"/>
</kw>
<kw name="Fechar o navegador" owner="amazon_resources" type="TEARDOWN">
<kw name="Capture Page Screenshot" owner="SeleniumLibrary">
<msg time="2024-08-09T16:28:58.831833" level="INFO" html="true">&lt;/td&gt;&lt;/tr&gt;&lt;tr&gt;&lt;td colspan="3"&gt;&lt;a href="selenium-screenshot-3.png"&gt;&lt;img src="selenium-screenshot-3.png" width="800px"&gt;&lt;/a&gt;</msg>
<doc>Takes a screenshot of the current page and embeds it into a log file.</doc>
<status status="PASS" start="2024-08-09T16:28:58.219016" elapsed="0.612817"/>
</kw>
<kw name="Close Browser" owner="SeleniumLibrary">
<doc>Closes the current browser.</doc>
<status status="PASS" start="2024-08-09T16:28:58.831833" elapsed="2.767759"/>
</kw>
<status status="PASS" start="2024-08-09T16:28:58.218018" elapsed="3.381574"/>
</kw>
<doc>Esse teste irá adicionar um produto no carrinho.</doc>
<tag>carrinho</tag>
<tag>categorias</tag>
<tag>menu</tag>
<status status="PASS" start="2024-08-09T16:28:32.133113" elapsed="29.466479"/>
</test>
<doc>Essa suite testa o site da Amazon.com.br</doc>
<status status="PASS" start="2024-08-09T16:28:31.806994" elapsed="29.794600"/>
</suite>
<statistics>
<total>
<stat pass="1" fail="0" skip="0">All Tests</stat>
</total>
<tag>
<stat pass="1" fail="0" skip="0">carrinho</stat>
<stat pass="1" fail="0" skip="0">categorias</stat>
<stat pass="1" fail="0" skip="0">menu</stat>
</tag>
<suite>
<stat pass="1" fail="0" skip="0" id="s1" name="Amazon Testes2">Amazon Testes2</stat>
</suite>
</statistics>
<errors>
</errors>
</robot>
