<?xml version="1.0" encoding="UTF-8"?>
<robot generator="Robot 7.0.1 (Python 3.12.5 on win32)" generated="2024-08-14T16:03:13.598478" rpa="false" schemaversion="5">
<suite id="s1" name="Serve Rest Test" source="g:\Programação\RobotFramework-Amazon\Serve_Rest_Site\Serve_Rest_Test.robot">
<test id="s1-t1" name="Caso de teste 08: Cadastro de usuário" line="57">
<kw name="Abrir o site" owner="Serve_Rest_Site_resources" type="SETUP">
<kw name="Open Browser" owner="SeleniumLibrary">
<msg time="2024-08-14T16:03:13.823052" level="INFO">Opening browser 'chrome' to base url 'None'.</msg>
<arg>browser=chrome</arg>
<doc>Opens a new browser instance to the optional ``url``.</doc>
<status status="PASS" start="2024-08-14T16:03:13.823052" elapsed="1.298281"/>
</kw>
<kw name="Maximize Browser Window" owner="SeleniumLibrary">
<doc>Maximizes current browser window.</doc>
<status status="PASS" start="2024-08-14T16:03:15.121333" elapsed="0.025023"/>
</kw>
<kw name="Generate Random String" owner="String">
<msg time="2024-08-14T16:03:15.146356" level="INFO">${RANDOM_EMAIL_CADASTRO} = dXfIZDRs</msg>
<var>${RANDOM_EMAIL_CADASTRO}</var>
<arg>length=8</arg>
<arg>chars=[LETTERS]</arg>
<doc>Generates a string with a desired ``length`` from the given ``chars``.</doc>
<status status="PASS" start="2024-08-14T16:03:15.146356" elapsed="0.000000"/>
</kw>
<kw name="Generate Random String" owner="String">
<msg time="2024-08-14T16:03:15.147356" level="INFO">${NOME_CADASTRO} = zUYbK</msg>
<var>${NOME_CADASTRO}</var>
<arg>length=5</arg>
<arg>chars=[LETTERS]</arg>
<doc>Generates a string with a desired ``length`` from the given ``chars``.</doc>
<status status="PASS" start="2024-08-14T16:03:15.147356" elapsed="0.000000"/>
</kw>
<kw name="Generate Random String" owner="String">
<msg time="2024-08-14T16:03:15.147356" level="INFO">${SENHA_CADASTRO} = 4C5YcidIgp</msg>
<var>${SENHA_CADASTRO}</var>
<arg>length=10</arg>
<doc>Generates a string with a desired ``length`` from the given ``chars``.</doc>
<status status="PASS" start="2024-08-14T16:03:15.147356" elapsed="0.000000"/>
</kw>
<kw name="Set Test Variable" owner="BuiltIn">
<msg time="2024-08-14T16:03:15.148357" level="INFO">${NOME} = zUYbK</msg>
<arg>${NOME}</arg>
<arg>${NOME_CADASTRO}</arg>
<doc>Makes a variable available everywhere within the scope of the current test.</doc>
<status status="PASS" start="2024-08-14T16:03:15.147356" elapsed="0.001001"/>
</kw>
<kw name="Set Test Variable" owner="BuiltIn">
<msg time="2024-08-14T16:03:15.149358" level="INFO">${SENHA} = 4C5YcidIgp</msg>
<arg>${SENHA}</arg>
<arg>${SENHA_CADASTRO}</arg>
<doc>Makes a variable available everywhere within the scope of the current test.</doc>
<status status="PASS" start="2024-08-14T16:03:15.148357" elapsed="0.016519"/>
</kw>
<kw name="Set Test Variable" owner="BuiltIn">
<msg time="2024-08-14T16:03:15.165878" level="INFO">${RANDOM_EMAIL} = dXfIZDRs</msg>
<arg>${RANDOM_EMAIL}</arg>
<arg>${RANDOM_EMAIL_CADASTRO}</arg>
<doc>Makes a variable available everywhere within the scope of the current test.</doc>
<status status="PASS" start="2024-08-14T16:03:15.164876" elapsed="0.001002"/>
</kw>
<status status="PASS" start="2024-08-14T16:03:13.822051" elapsed="1.343827"/>
</kw>
<kw name="Dado que eu estou no site &quot;https://front.serverest.dev/login&quot;" owner="Serve_Rest_Site_resources" source_name="Dado que eu estou no site &quot;${SITE}&quot;">
<kw name="Go To" owner="SeleniumLibrary">
<msg time="2024-08-14T16:03:15.166878" level="INFO">Opening url 'https://front.serverest.dev/login'</msg>
<arg>url=${SITE}</arg>
<doc>Navigates the current browser window to the provided ``url``.</doc>
<status status="PASS" start="2024-08-14T16:03:15.166878" elapsed="2.877227"/>
</kw>
<kw name="Wait Until Page Contains" owner="SeleniumLibrary">
<arg>text=Login</arg>
<doc>Waits until ``text`` appears on the current page.</doc>
<status status="PASS" start="2024-08-14T16:03:18.045105" elapsed="0.009008"/>
</kw>
<status status="PASS" start="2024-08-14T16:03:15.166878" elapsed="2.887235"/>
</kw>
<kw name="E entro na conta" owner="Serve_Rest_Site_resources">
<kw name="Input Text" owner="SeleniumLibrary">
<msg time="2024-08-14T16:03:18.055114" level="INFO">Typing text 'vh@gmail.com' into text field '//input[contains(@name,'email')]'.</msg>
<arg>locator=${CAIXA_EMAIL}</arg>
<arg>text=vh@gmail.com</arg>
<doc>Types the given ``text`` into the text field identified by ``locator``.</doc>
<status status="PASS" start="2024-08-14T16:03:18.055114" elapsed="0.070078"/>
</kw>
<kw name="Input Password" owner="SeleniumLibrary">
<msg time="2024-08-14T16:03:18.125192" level="INFO">Typing password into text field '//input[contains(@name,'password')]'.</msg>
<msg time="2024-08-14T16:03:18.147832" level="INFO">Temporally setting log level to: NONE</msg>
<arg>locator=${CAIXA_SENHA}</arg>
<arg>password=ppwx</arg>
<doc>Types the given password into the text field identified by ``locator``.</doc>
<status status="PASS" start="2024-08-14T16:03:18.125192" elapsed="0.051205"/>
</kw>
<kw name="E clicar em entrar" owner="Serve_Rest_Site_resources">
<kw name="Click Element" owner="SeleniumLibrary">
<msg time="2024-08-14T16:03:18.177398" level="INFO">Clicking element '//button[@data-testid='entrar'][contains(.,'Entrar')]'.</msg>
<arg>locator=${ENTRAR}</arg>
<doc>Click the element identified by ``locator``.</doc>
<status status="PASS" start="2024-08-14T16:03:18.177398" elapsed="0.030743"/>
</kw>
<status status="PASS" start="2024-08-14T16:03:18.176397" elapsed="0.031744"/>
</kw>
<kw name="Wait Until Page Contains" owner="SeleniumLibrary">
<arg>text=Este é seu sistema para administrar seu ecommerce.</arg>
<doc>Waits until ``text`` appears on the current page.</doc>
<status status="PASS" start="2024-08-14T16:03:18.208141" elapsed="1.655300"/>
</kw>
<status status="PASS" start="2024-08-14T16:03:18.055114" elapsed="1.808327"/>
</kw>
<kw name="E clico em cadastrar usuários" owner="Serve_Rest_Site_resources">
<kw name="Click Element" owner="SeleniumLibrary">
<msg time="2024-08-14T16:03:19.864442" level="INFO">Clicking element '//a[@data-testid='cadastrarUsuarios'][contains(.,'Cadastrar')]'.</msg>
<arg>locator=${CADASTRAR_USUARIO}</arg>
<doc>Click the element identified by ``locator``.</doc>
<status status="PASS" start="2024-08-14T16:03:19.864442" elapsed="0.032033"/>
</kw>
<status status="PASS" start="2024-08-14T16:03:19.864442" elapsed="0.033033"/>
</kw>
<kw name="Quando preencho as informações necessárias" owner="Serve_Rest_Site_resources">
<kw name="E preencher as informações com administrador" owner="Serve_Rest_Site_resources">
<kw name="Input Text" owner="SeleniumLibrary">
<msg time="2024-08-14T16:03:19.898476" level="INFO">Typing text 'zUYbK' into text field '//input[contains(@name,'nome')]'.</msg>
<arg>locator=${CAIXA_NOME}</arg>
<arg>text=${NOME}</arg>
<doc>Types the given ``text`` into the text field identified by ``locator``.</doc>
<status status="PASS" start="2024-08-14T16:03:19.898476" elapsed="0.062057"/>
</kw>
<kw name="Input Text" owner="SeleniumLibrary">
<msg time="2024-08-14T16:03:19.961534" level="INFO">Typing text 'dXfIZDRs@gmail.com' into text field '//input[contains(@name,'email')]'.</msg>
<arg>locator=${CAIXA_EMAIL}</arg>
<arg>text=${RANDOM_EMAIL}@gmail.com</arg>
<doc>Types the given ``text`` into the text field identified by ``locator``.</doc>
<status status="PASS" start="2024-08-14T16:03:19.960533" elapsed="0.065037"/>
</kw>
<kw name="Input Text" owner="SeleniumLibrary">
<msg time="2024-08-14T16:03:20.025570" level="INFO">Typing text '4C5YcidIgp' into text field '//input[contains(@name,'password')]'.</msg>
<arg>locator=${CAIXA_SENHA}</arg>
<arg>text=${SENHA}</arg>
<doc>Types the given ``text`` into the text field identified by ``locator``.</doc>
<status status="PASS" start="2024-08-14T16:03:20.025570" elapsed="0.150648"/>
</kw>
<kw name="Select Checkbox" owner="SeleniumLibrary">
<msg time="2024-08-14T16:03:20.176218" level="INFO">Selecting checkbox '//input[contains(@name,'administrador')]'.</msg>
<arg>locator=${CHECKBOX_ADMNISTRADOR}</arg>
<doc>Selects the checkbox identified by ``locator``.</doc>
<status status="PASS" start="2024-08-14T16:03:20.176218" elapsed="0.046042"/>
</kw>
<status status="PASS" start="2024-08-14T16:03:19.897475" elapsed="0.324785"/>
</kw>
<status status="PASS" start="2024-08-14T16:03:19.897475" elapsed="0.324785"/>
</kw>
<kw name="E clico em cadastrar usuários com admnistrador" owner="Serve_Rest_Site_resources">
<kw name="Click Button" owner="SeleniumLibrary">
<msg time="2024-08-14T16:03:20.223261" level="INFO">Clicking button '//button[@data-testid='cadastrarUsuario'][contains(.,'Cadastrar')]'.</msg>
<arg>locator=${CLIQUE_CADASTRO}</arg>
<doc>Clicks the button identified by ``locator``.</doc>
<status status="PASS" start="2024-08-14T16:03:20.223261" elapsed="0.202122"/>
</kw>
<status status="PASS" start="2024-08-14T16:03:20.223261" elapsed="0.203123"/>
</kw>
<kw name="Então deverá aparecer a lista dos usuários" owner="Serve_Rest_Site_resources">
<kw name="Wait Until Page Contains Element" owner="SeleniumLibrary">
<arg>locator=//table[contains(@class,'table table-striped')]</arg>
<doc>Waits until the element ``locator`` appears on the current page.</doc>
<status status="PASS" start="2024-08-14T16:03:20.427384" elapsed="0.424093"/>
</kw>
<status status="PASS" start="2024-08-14T16:03:20.426384" elapsed="0.425093"/>
</kw>
<kw name="Fechar o site" owner="Serve_Rest_Site_resources" type="TEARDOWN">
<kw name="Capture Page Screenshot" owner="SeleniumLibrary">
<msg time="2024-08-14T16:03:21.034195" level="INFO" html="true">&lt;/td&gt;&lt;/tr&gt;&lt;tr&gt;&lt;td colspan="3"&gt;&lt;a href="selenium-screenshot-1.png"&gt;&lt;img src="selenium-screenshot-1.png" width="800px"&gt;&lt;/a&gt;</msg>
<doc>Takes a screenshot of the current page and embeds it into a log file.</doc>
<status status="PASS" start="2024-08-14T16:03:20.852477" elapsed="0.181718"/>
</kw>
<kw name="Close Browser" owner="SeleniumLibrary">
<doc>Closes the current browser.</doc>
<status status="PASS" start="2024-08-14T16:03:21.034195" elapsed="2.122040"/>
</kw>
<status status="PASS" start="2024-08-14T16:03:20.852477" elapsed="2.303758"/>
</kw>
<status status="PASS" start="2024-08-14T16:03:13.821050" elapsed="9.335185"/>
</test>
<doc>Essa suite irá testar várias funcionalidades do site front.serverest.dev/login</doc>
<status status="PASS" start="2024-08-14T16:03:13.602477" elapsed="9.554759"/>
</suite>
<statistics>
<total>
<stat pass="1" fail="0" skip="0">All Tests</stat>
</total>
<tag>
</tag>
<suite>
<stat pass="1" fail="0" skip="0" id="s1" name="Serve Rest Test">Serve Rest Test</stat>
</suite>
</statistics>
<errors>
</errors>
</robot>
