<?xml version="1.0" encoding="UTF-8"?>
<robot generator="Robot 7.0.1 (Python 3.12.5 on win32)" generated="2024-08-14T15:15:21.297105" rpa="false" schemaversion="5">
<suite id="s1" name="Serve Rest Test" source="g:\Programação\RobotFramework-Amazon\Serve_Rest_Site\Serve_Rest_Test.robot">
<test id="s1-t1" name="Caso de teste 03: Senha obrigatória" line="24">
<kw name="Abrir o site" owner="Serve_Rest_Site_resources" type="SETUP">
<kw name="Open Browser" owner="SeleniumLibrary">
<msg time="2024-08-14T15:15:21.518058" level="INFO">Opening browser 'chrome' to base url 'None'.</msg>
<arg>browser=chrome</arg>
<doc>Opens a new browser instance to the optional ``url``.</doc>
<status status="PASS" start="2024-08-14T15:15:21.517057" elapsed="1.422034"/>
</kw>
<kw name="Maximize Browser Window" owner="SeleniumLibrary">
<doc>Maximizes current browser window.</doc>
<status status="PASS" start="2024-08-14T15:15:22.939091" elapsed="0.023023"/>
</kw>
<kw name="Generate Random String" owner="String">
<msg time="2024-08-14T15:15:22.963116" level="INFO">${RANDOM_EMAIL_CADASTRO} = TQDwdbVK</msg>
<var>${RANDOM_EMAIL_CADASTRO}</var>
<arg>length=8</arg>
<arg>chars=[LETTERS]</arg>
<doc>Generates a string with a desired ``length`` from the given ``chars``.</doc>
<status status="PASS" start="2024-08-14T15:15:22.963116" elapsed="0.000000"/>
</kw>
<kw name="Generate Random String" owner="String">
<msg time="2024-08-14T15:15:22.964116" level="INFO">${NOME_CADASTRO} = rRmxw</msg>
<var>${NOME_CADASTRO}</var>
<arg>length=5</arg>
<arg>chars=[LETTERS]</arg>
<doc>Generates a string with a desired ``length`` from the given ``chars``.</doc>
<status status="PASS" start="2024-08-14T15:15:22.964116" elapsed="0.000000"/>
</kw>
<kw name="Generate Random String" owner="String">
<msg time="2024-08-14T15:15:22.964116" level="INFO">${SENHA_CADASTRO} = 3D462BpKsP</msg>
<var>${SENHA_CADASTRO}</var>
<arg>length=10</arg>
<doc>Generates a string with a desired ``length`` from the given ``chars``.</doc>
<status status="PASS" start="2024-08-14T15:15:22.964116" elapsed="0.000000"/>
</kw>
<kw name="Set Test Variable" owner="BuiltIn">
<msg time="2024-08-14T15:15:22.965253" level="INFO">${NOME} = rRmxw</msg>
<arg>${NOME}</arg>
<arg>${NOME_CADASTRO}</arg>
<doc>Makes a variable available everywhere within the scope of the current test.</doc>
<status status="PASS" start="2024-08-14T15:15:22.965116" elapsed="0.001002"/>
</kw>
<kw name="Set Test Variable" owner="BuiltIn">
<msg time="2024-08-14T15:15:22.983109" level="INFO">${SENHA} = 3D462BpKsP</msg>
<arg>${SENHA}</arg>
<arg>${SENHA_CADASTRO}</arg>
<doc>Makes a variable available everywhere within the scope of the current test.</doc>
<status status="PASS" start="2024-08-14T15:15:22.966118" elapsed="0.016991"/>
</kw>
<kw name="Set Test Variable" owner="BuiltIn">
<msg time="2024-08-14T15:15:22.984109" level="INFO">${RANDOM_EMAIL} = TQDwdbVK</msg>
<arg>${RANDOM_EMAIL}</arg>
<arg>${RANDOM_EMAIL_CADASTRO}</arg>
<doc>Makes a variable available everywhere within the scope of the current test.</doc>
<status status="PASS" start="2024-08-14T15:15:22.983109" elapsed="0.001000"/>
</kw>
<status status="PASS" start="2024-08-14T15:15:21.517057" elapsed="1.467052"/>
</kw>
<kw name="Dado que eu acesse o site &quot;https://front.serverest.dev/login&quot;" owner="Serve_Rest_Site_resources" source_name="Dado que eu acesse o site &quot;${SITE}&quot;">
<kw name="Go To" owner="SeleniumLibrary">
<msg time="2024-08-14T15:15:22.985110" level="INFO">Opening url 'https://front.serverest.dev/login'</msg>
<arg>url=${SITE}</arg>
<doc>Navigates the current browser window to the provided ``url``.</doc>
<status status="PASS" start="2024-08-14T15:15:22.985110" elapsed="2.801902"/>
</kw>
<kw name="Wait Until Page Contains" owner="SeleniumLibrary">
<arg>text=Login</arg>
<doc>Waits until ``text`` appears on the current page.</doc>
<status status="PASS" start="2024-08-14T15:15:25.787012" elapsed="0.008518"/>
</kw>
<status status="PASS" start="2024-08-14T15:15:22.985110" elapsed="2.811418"/>
</kw>
<kw name="Quando digitar o email" owner="Serve_Rest_Site_resources">
<kw name="Input Text" owner="SeleniumLibrary">
<msg time="2024-08-14T15:15:25.797529" level="INFO">Typing text 'TQDwdbVK@gmail.com' into text field '//input[contains(@name,'email')]'.</msg>
<arg>locator=${CAIXA_EMAIL}</arg>
<arg>text=${RANDOM_EMAIL}@gmail.com</arg>
<doc>Types the given ``text`` into the text field identified by ``locator``.</doc>
<status status="PASS" start="2024-08-14T15:15:25.797529" elapsed="0.072606"/>
</kw>
<status status="PASS" start="2024-08-14T15:15:25.796528" elapsed="0.073607"/>
</kw>
<kw name="E clicar em entrar" owner="Serve_Rest_Site_resources">
<kw name="Click Element" owner="SeleniumLibrary">
<msg time="2024-08-14T15:15:25.871136" level="INFO">Clicking element '//button[@data-testid='entrar'][contains(.,'Entrar')]'.</msg>
<arg>locator=${ENTRAR}</arg>
<doc>Click the element identified by ``locator``.</doc>
<status status="PASS" start="2024-08-14T15:15:25.871136" elapsed="0.032034"/>
</kw>
<status status="PASS" start="2024-08-14T15:15:25.870135" elapsed="0.033035"/>
</kw>
<kw name="Então deverá aparecer &quot;Password é obrigatório&quot;" owner="Serve_Rest_Site_resources">
<kw name="Wait Until Page Contains" owner="SeleniumLibrary">
<arg>text=Password é obrigatório</arg>
<doc>Waits until ``text`` appears on the current page.</doc>
<status status="PASS" start="2024-08-14T15:15:25.904171" elapsed="1.283712"/>
</kw>
<status status="PASS" start="2024-08-14T15:15:25.903170" elapsed="1.284713"/>
</kw>
<kw name="Fechar o site" owner="Serve_Rest_Site_resources" type="TEARDOWN">
<kw name="Capture Page Screenshot" owner="SeleniumLibrary">
<msg time="2024-08-14T15:15:27.514217" level="INFO" html="true">&lt;/td&gt;&lt;/tr&gt;&lt;tr&gt;&lt;td colspan="3"&gt;&lt;a href="selenium-screenshot-1.png"&gt;&lt;img src="selenium-screenshot-1.png" width="800px"&gt;&lt;/a&gt;</msg>
<doc>Takes a screenshot of the current page and embeds it into a log file.</doc>
<status status="PASS" start="2024-08-14T15:15:27.188884" elapsed="0.325333"/>
</kw>
<kw name="Close Browser" owner="SeleniumLibrary">
<doc>Closes the current browser.</doc>
<status status="PASS" start="2024-08-14T15:15:27.514217" elapsed="2.123761"/>
</kw>
<status status="PASS" start="2024-08-14T15:15:27.187883" elapsed="2.450095"/>
</kw>
<status status="PASS" start="2024-08-14T15:15:21.515056" elapsed="8.122922"/>
</test>
<doc>Essa suite irá testar várias funcionalidades do site front.serverest.dev/login</doc>
<status status="PASS" start="2024-08-14T15:15:21.301113" elapsed="8.337865"/>
</suite>
<statistics>
<total>
<stat pass="1" fail="0" skip="0">All Tests</stat>
</total>
<tag>
</tag>
<suite>
<stat pass="1" fail="0" skip="0" id="s1" name="Serve Rest Test">Serve Rest Test</stat>
</suite>
</statistics>
<errors>
</errors>
</robot>
